{"/Users/ziv/github/macacajs/circular-json/build/circular-json.node.js":{"path":"/Users/ziv/github/macacajs/circular-json/build/circular-json.node.js","s":{"1":1,"2":157,"3":157,"4":1,"5":20,"6":20,"7":4,"8":5,"9":20,"10":133,"11":15,"12":133,"13":113,"14":25,"15":25,"16":25,"17":25,"18":25,"19":113,"20":0,"21":113,"22":64,"23":48,"24":64,"25":64,"26":64,"27":36,"28":36,"29":35,"30":35,"31":1,"32":28,"33":49,"34":21,"35":20,"36":133,"37":1,"38":11,"39":11,"40":1,"41":15,"42":112,"43":112,"44":25,"45":87,"46":16,"47":87,"48":23,"49":87,"50":1,"51":9,"52":16,"53":9,"54":1,"55":42,"56":86,"57":83,"58":42,"59":1,"60":115,"61":1,"62":20,"63":15,"64":1},"b":{"1":[1,1],"2":[454,368],"3":[19,1],"4":[4,16],"5":[1,3],"6":[2,3],"7":[5,4],"8":[15,118],"9":[113,20],"10":[25,88],"11":[0,113],"12":[64,49],"13":[113,64],"14":[48,16],"15":[36,28],"16":[35,1],"17":[21,28],"18":[49,21],"19":[25,87],"20":[112,48],"21":[16,71],"22":[23,64],"23":[3,84],"24":[83,3],"25":[9,106],"26":[25,81],"27":[17,8],"28":[6,11],"29":[42,39]},"f":{"1":157,"2":20,"3":5,"4":133,"5":11,"6":15,"7":112,"8":9,"9":42,"10":115,"11":20,"12":15},"fnMap":{"1":{"name":"(anonymous_1)","line":38,"loc":{"start":{"line":38,"column":26},"end":{"line":38,"column":37}}},"2":{"name":"generateReplacer","line":47,"loc":{"start":{"line":47,"column":0},"end":{"line":47,"column":52}}},"3":{"name":"(anonymous_3)","line":61,"loc":{"start":{"line":61,"column":6},"end":{"line":61,"column":28}}},"4":{"name":"(anonymous_4)","line":66,"loc":{"start":{"line":66,"column":9},"end":{"line":66,"column":30}}},"5":{"name":"retrieveFromPath","line":124,"loc":{"start":{"line":124,"column":0},"end":{"line":124,"column":41}}},"6":{"name":"generateReviver","line":132,"loc":{"start":{"line":132,"column":0},"end":{"line":132,"column":34}}},"7":{"name":"(anonymous_7)","line":133,"loc":{"start":{"line":133,"column":9},"end":{"line":133,"column":30}}},"8":{"name":"regenerateArray","line":147,"loc":{"start":{"line":147,"column":0},"end":{"line":147,"column":50}}},"9":{"name":"regenerateObject","line":154,"loc":{"start":{"line":154,"column":0},"end":{"line":154,"column":51}}},"10":{"name":"regenerate","line":163,"loc":{"start":{"line":163,"column":0},"end":{"line":163,"column":45}}},"11":{"name":"stringify","line":193,"loc":{"start":{"line":193,"column":13},"end":{"line":193,"column":70}}},"12":{"name":"parse","line":200,"loc":{"start":{"line":200,"column":9},"end":{"line":200,"column":39}}}},"statementMap":{"1":{"start":{"line":23,"column":0},"end":{"line":45,"column":1}},"2":{"start":{"line":39,"column":4},"end":{"line":39,"column":45}},"3":{"start":{"line":40,"column":4},"end":{"line":40,"column":13}},"4":{"start":{"line":47,"column":0},"end":{"line":122,"column":1}},"5":{"start":{"line":48,"column":2},"end":{"line":58,"column":3}},"6":{"start":{"line":59,"column":2},"end":{"line":65,"column":3}},"7":{"start":{"line":60,"column":4},"end":{"line":64,"column":15}},"8":{"start":{"line":62,"column":8},"end":{"line":62,"column":78}},"9":{"start":{"line":66,"column":2},"end":{"line":121,"column":4}},"10":{"start":{"line":71,"column":4},"end":{"line":71,"column":51}},"11":{"start":{"line":71,"column":17},"end":{"line":71,"column":51}},"12":{"start":{"line":74,"column":4},"end":{"line":119,"column":5}},"13":{"start":{"line":75,"column":6},"end":{"line":81,"column":7}},"14":{"start":{"line":76,"column":8},"end":{"line":76,"column":46}},"15":{"start":{"line":77,"column":8},"end":{"line":77,"column":17}},"16":{"start":{"line":78,"column":8},"end":{"line":78,"column":36}},"17":{"start":{"line":79,"column":8},"end":{"line":79,"column":42}},"18":{"start":{"line":80,"column":8},"end":{"line":80,"column":20}},"19":{"start":{"line":85,"column":6},"end":{"line":116,"column":7}},"20":{"start":{"line":86,"column":8},"end":{"line":86,"column":34}},"21":{"start":{"line":88,"column":13},"end":{"line":116,"column":7}},"22":{"start":{"line":91,"column":8},"end":{"line":93,"column":9}},"23":{"start":{"line":92,"column":10},"end":{"line":92,"column":33}},"24":{"start":{"line":94,"column":8},"end":{"line":94,"column":25}},"25":{"start":{"line":95,"column":8},"end":{"line":95,"column":38}},"26":{"start":{"line":96,"column":8},"end":{"line":107,"column":9}},"27":{"start":{"line":97,"column":10},"end":{"line":97,"column":35}},"28":{"start":{"line":98,"column":10},"end":{"line":104,"column":11}},"29":{"start":{"line":100,"column":12},"end":{"line":100,"column":74}},"30":{"start":{"line":101,"column":12},"end":{"line":101,"column":59}},"31":{"start":{"line":103,"column":12},"end":{"line":103,"column":30}},"32":{"start":{"line":106,"column":10},"end":{"line":106,"column":26}},"33":{"start":{"line":109,"column":8},"end":{"line":115,"column":9}},"34":{"start":{"line":113,"column":10},"end":{"line":114,"column":63}},"35":{"start":{"line":118,"column":6},"end":{"line":118,"column":25}},"36":{"start":{"line":120,"column":4},"end":{"line":120,"column":17}},"37":{"start":{"line":124,"column":0},"end":{"line":130,"column":1}},"38":{"start":{"line":125,"column":2},"end":{"line":128,"column":5}},"39":{"start":{"line":129,"column":2},"end":{"line":129,"column":17}},"40":{"start":{"line":132,"column":0},"end":{"line":145,"column":1}},"41":{"start":{"line":133,"column":2},"end":{"line":144,"column":4}},"42":{"start":{"line":134,"column":4},"end":{"line":134,"column":45}},"43":{"start":{"line":135,"column":4},"end":{"line":137,"column":5}},"44":{"start":{"line":136,"column":6},"end":{"line":136,"column":41}},"45":{"start":{"line":138,"column":4},"end":{"line":138,"column":57}},"46":{"start":{"line":138,"column":20},"end":{"line":138,"column":57}},"47":{"start":{"line":141,"column":4},"end":{"line":142,"column":82}},"48":{"start":{"line":141,"column":18},"end":{"line":142,"column":82}},"49":{"start":{"line":143,"column":4},"end":{"line":143,"column":60}},"50":{"start":{"line":147,"column":0},"end":{"line":152,"column":1}},"51":{"start":{"line":148,"column":2},"end":{"line":150,"column":3}},"52":{"start":{"line":149,"column":4},"end":{"line":149,"column":56}},"53":{"start":{"line":151,"column":2},"end":{"line":151,"column":17}},"54":{"start":{"line":154,"column":0},"end":{"line":161,"column":1}},"55":{"start":{"line":155,"column":2},"end":{"line":159,"column":3}},"56":{"start":{"line":156,"column":4},"end":{"line":158,"column":5}},"57":{"start":{"line":157,"column":6},"end":{"line":157,"column":62}},"58":{"start":{"line":160,"column":2},"end":{"line":160,"column":17}},"59":{"start":{"line":163,"column":0},"end":{"line":190,"column":1}},"60":{"start":{"line":164,"column":2},"end":{"line":189,"column":3}},"61":{"start":{"line":192,"column":0},"end":{"line":210,"column":2}},"62":{"start":{"line":194,"column":4},"end":{"line":198,"column":6}},"63":{"start":{"line":201,"column":4},"end":{"line":204,"column":6}},"64":{"start":{"line":212,"column":0},"end":{"line":212,"column":30}}},"branchMap":{"1":{"line":38,"type":"binary-expr","locations":[{"start":{"line":38,"column":12},"end":{"line":38,"column":22}},{"start":{"line":38,"column":26},"end":{"line":41,"column":3}}]},"2":{"line":39,"type":"binary-expr","locations":[{"start":{"line":39,"column":26},"end":{"line":39,"column":29}},{"start":{"line":39,"column":31},"end":{"line":39,"column":42}}]},"3":{"line":54,"type":"cond-expr","locations":[{"start":{"line":54,"column":22},"end":{"line":54,"column":33}},{"start":{"line":54,"column":36},"end":{"line":54,"column":48}}]},"4":{"line":59,"type":"if","locations":[{"start":{"line":59,"column":2},"end":{"line":59,"column":2}},{"start":{"line":59,"column":2},"end":{"line":59,"column":2}}]},"5":{"line":60,"type":"cond-expr","locations":[{"start":{"line":61,"column":6},"end":{"line":63,"column":7}},{"start":{"line":64,"column":6},"end":{"line":64,"column":14}}]},"6":{"line":62,"type":"cond-expr","locations":[{"start":{"line":62,"column":63},"end":{"line":62,"column":69}},{"start":{"line":62,"column":72},"end":{"line":62,"column":77}}]},"7":{"line":62,"type":"binary-expr","locations":[{"start":{"line":62,"column":15},"end":{"line":62,"column":25}},{"start":{"line":62,"column":29},"end":{"line":62,"column":60}}]},"8":{"line":71,"type":"if","locations":[{"start":{"line":71,"column":4},"end":{"line":71,"column":4}},{"start":{"line":71,"column":4},"end":{"line":71,"column":4}}]},"9":{"line":74,"type":"if","locations":[{"start":{"line":74,"column":4},"end":{"line":74,"column":4}},{"start":{"line":74,"column":4},"end":{"line":74,"column":4}}]},"10":{"line":75,"type":"if","locations":[{"start":{"line":75,"column":6},"end":{"line":75,"column":6}},{"start":{"line":75,"column":6},"end":{"line":75,"column":6}}]},"11":{"line":85,"type":"if","locations":[{"start":{"line":85,"column":6},"end":{"line":85,"column":6}},{"start":{"line":85,"column":6},"end":{"line":85,"column":6}}]},"12":{"line":88,"type":"if","locations":[{"start":{"line":88,"column":13},"end":{"line":88,"column":13}},{"start":{"line":88,"column":13},"end":{"line":88,"column":13}}]},"13":{"line":88,"type":"binary-expr","locations":[{"start":{"line":88,"column":17},"end":{"line":88,"column":42}},{"start":{"line":88,"column":46},"end":{"line":88,"column":51}}]},"14":{"line":91,"type":"if","locations":[{"start":{"line":91,"column":8},"end":{"line":91,"column":8}},{"start":{"line":91,"column":8},"end":{"line":91,"column":8}}]},"15":{"line":96,"type":"if","locations":[{"start":{"line":96,"column":8},"end":{"line":96,"column":8}},{"start":{"line":96,"column":8},"end":{"line":96,"column":8}}]},"16":{"line":98,"type":"if","locations":[{"start":{"line":98,"column":10},"end":{"line":98,"column":10}},{"start":{"line":98,"column":10},"end":{"line":98,"column":10}}]},"17":{"line":109,"type":"if","locations":[{"start":{"line":109,"column":8},"end":{"line":109,"column":8}},{"start":{"line":109,"column":8},"end":{"line":109,"column":8}}]},"18":{"line":109,"type":"binary-expr","locations":[{"start":{"line":109,"column":12},"end":{"line":109,"column":37}},{"start":{"line":109,"column":41},"end":{"line":109,"column":48}}]},"19":{"line":135,"type":"if","locations":[{"start":{"line":135,"column":4},"end":{"line":135,"column":4}},{"start":{"line":135,"column":4},"end":{"line":135,"column":4}}]},"20":{"line":135,"type":"binary-expr","locations":[{"start":{"line":135,"column":8},"end":{"line":135,"column":16}},{"start":{"line":135,"column":20},"end":{"line":135,"column":51}}]},"21":{"line":138,"type":"if","locations":[{"start":{"line":138,"column":4},"end":{"line":138,"column":4}},{"start":{"line":138,"column":4},"end":{"line":138,"column":4}}]},"22":{"line":141,"type":"if","locations":[{"start":{"line":141,"column":4},"end":{"line":141,"column":4}},{"start":{"line":141,"column":4},"end":{"line":141,"column":4}}]},"23":{"line":143,"type":"cond-expr","locations":[{"start":{"line":143,"column":21},"end":{"line":143,"column":51}},{"start":{"line":143,"column":54},"end":{"line":143,"column":59}}]},"24":{"line":156,"type":"if","locations":[{"start":{"line":156,"column":4},"end":{"line":156,"column":4}},{"start":{"line":156,"column":4},"end":{"line":156,"column":4}}]},"25":{"line":164,"type":"cond-expr","locations":[{"start":{"line":166,"column":4},"end":{"line":166,"column":44}},{"start":{"line":168,"column":6},"end":{"line":187,"column":9}}]},"26":{"line":168,"type":"cond-expr","locations":[{"start":{"line":171,"column":10},"end":{"line":179,"column":16}},{"start":{"line":182,"column":10},"end":{"line":186,"column":19}}]},"27":{"line":171,"type":"cond-expr","locations":[{"start":{"line":173,"column":14},"end":{"line":177,"column":17}},{"start":{"line":179,"column":12},"end":{"line":179,"column":16}}]},"28":{"line":173,"type":"cond-expr","locations":[{"start":{"line":174,"column":16},"end":{"line":174,"column":33}},{"start":{"line":175,"column":16},"end":{"line":177,"column":17}}]},"29":{"line":182,"type":"cond-expr","locations":[{"start":{"line":184,"column":12},"end":{"line":184,"column":53}},{"start":{"line":186,"column":12},"end":{"line":186,"column":19}}]}}}}