TN:
SF:/Users/ziv/github/macacajs/circular-json/build/circular-json.node.js
FN:38,(anonymous_1)
FN:47,generateReplacer
FN:61,(anonymous_3)
FN:66,(anonymous_4)
FN:124,retrieveFromPath
FN:132,generateReviver
FN:133,(anonymous_7)
FN:147,regenerateArray
FN:154,regenerateObject
FN:163,regenerate
FN:193,stringify
FN:200,parse
FNF:12
FNH:12
FNDA:157,(anonymous_1)
FNDA:20,generateReplacer
FNDA:5,(anonymous_3)
FNDA:133,(anonymous_4)
FNDA:11,retrieveFromPath
FNDA:15,generateReviver
FNDA:112,(anonymous_7)
FNDA:9,regenerateArray
FNDA:42,regenerateObject
FNDA:115,regenerate
FNDA:20,stringify
FNDA:15,parse
DA:23,1
DA:39,157
DA:40,157
DA:47,1
DA:48,20
DA:59,20
DA:60,4
DA:62,5
DA:66,20
DA:71,133
DA:74,133
DA:75,113
DA:76,25
DA:77,25
DA:78,25
DA:79,25
DA:80,25
DA:85,113
DA:86,0
DA:88,113
DA:91,64
DA:92,48
DA:94,64
DA:95,64
DA:96,64
DA:97,36
DA:98,36
DA:100,35
DA:101,35
DA:103,1
DA:106,28
DA:109,49
DA:113,21
DA:118,20
DA:120,133
DA:124,1
DA:125,11
DA:129,11
DA:132,1
DA:133,15
DA:134,112
DA:135,112
DA:136,25
DA:138,87
DA:141,87
DA:143,87
DA:147,1
DA:148,9
DA:149,16
DA:151,9
DA:154,1
DA:155,42
DA:156,86
DA:157,83
DA:160,42
DA:163,1
DA:164,115
DA:192,1
DA:194,20
DA:201,15
DA:212,1
LF:61
LH:60
BRDA:38,1,0,1
BRDA:38,1,1,1
BRDA:39,2,0,454
BRDA:39,2,1,368
BRDA:54,3,0,19
BRDA:54,3,1,1
BRDA:59,4,0,4
BRDA:59,4,1,16
BRDA:60,5,0,1
BRDA:60,5,1,3
BRDA:62,6,0,2
BRDA:62,6,1,3
BRDA:62,7,0,5
BRDA:62,7,1,4
BRDA:71,8,0,15
BRDA:71,8,1,118
BRDA:74,9,0,113
BRDA:74,9,1,20
BRDA:75,10,0,25
BRDA:75,10,1,88
BRDA:85,11,0,0
BRDA:85,11,1,113
BRDA:88,12,0,64
BRDA:88,12,1,49
BRDA:88,13,0,113
BRDA:88,13,1,64
BRDA:91,14,0,48
BRDA:91,14,1,16
BRDA:96,15,0,36
BRDA:96,15,1,28
BRDA:98,16,0,35
BRDA:98,16,1,1
BRDA:109,17,0,21
BRDA:109,17,1,28
BRDA:109,18,0,49
BRDA:109,18,1,21
BRDA:135,19,0,25
BRDA:135,19,1,87
BRDA:135,20,0,112
BRDA:135,20,1,48
BRDA:138,21,0,16
BRDA:138,21,1,71
BRDA:141,22,0,23
BRDA:141,22,1,64
BRDA:143,23,0,3
BRDA:143,23,1,84
BRDA:156,24,0,83
BRDA:156,24,1,3
BRDA:164,25,0,9
BRDA:164,25,1,106
BRDA:168,26,0,25
BRDA:168,26,1,81
BRDA:171,27,0,17
BRDA:171,27,1,8
BRDA:173,28,0,6
BRDA:173,28,1,11
BRDA:182,29,0,42
BRDA:182,29,1,39
BRF:58
BRH:57
end_of_record
